2021-12-08T12:21:11.557Z
SyntaxError: You have a syntax error at "design.sql" line 1 column 1. Expected Table Group, comment, end of input, enum, project, references, table, or whitespace but "C" found.
    at C:\Users\pegas\AppData\Roaming\npm\node_modules\@dbml\cli\lib\cli\utils.js:55:13
    at Array.forEach (<anonymous>)
    at generate (C:\Users\pegas\AppData\Roaming\npm\node_modules\@dbml\cli\lib\cli\utils.js:48:14)
    at exportHandler (C:\Users\pegas\AppData\Roaming\npm\node_modules\@dbml\cli\lib\cli\export.js:38:27)
    at Object.dbml2sql (C:\Users\pegas\AppData\Roaming\npm\node_modules\@dbml\cli\lib\cli\index.js:27:23)
    at Object.<anonymous> (C:\Users\pegas\AppData\Roaming\npm\node_modules\@dbml\cli\bin\dbml2sql.js:4:19)
    at Module._compile (node:internal/modules/cjs/loader:1101:14)
    at Object.Module._extensions..js (node:internal/modules/cjs/loader:1153:10)
    at Module.load (node:internal/modules/cjs/loader:981:32)
    at Function.Module._load (node:internal/modules/cjs/loader:822:12)

ROOT_ERROR:
SyntaxError: Expected Table Group, comment, end of input, enum, project, references, table, or whitespace but "C" found.
    at peg$buildStructuredError (C:\Users\pegas\AppData\Roaming\npm\node_modules\@dbml\cli\node_modules\@dbml\core\lib\parse\dbmlParser.js:1094:12)
    at Object.peg$parse [as parse] (C:\Users\pegas\AppData\Roaming\npm\node_modules\@dbml\cli\node_modules\@dbml\core\lib\parse\dbmlParser.js:7775:11)
    at Function.parseDBMLToJSON (C:\Users\pegas\AppData\Roaming\npm\node_modules\@dbml\cli\node_modules\@dbml\core\lib\parse\Parser.js:54:37)
    at Function.parse (C:\Users\pegas\AppData\Roaming\npm\node_modules\@dbml\cli\node_modules\@dbml\core\lib\parse\Parser.js:81:32)
    at Object._export [as export] (C:\Users\pegas\AppData\Roaming\npm\node_modules\@dbml\cli\node_modules\@dbml\core\lib\export\index.js:15:37)
    at C:\Users\pegas\AppData\Roaming\npm\node_modules\@dbml\cli\lib\cli\export.js:38:69
    at C:\Users\pegas\AppData\Roaming\npm\node_modules\@dbml\cli\lib\cli\utils.js:52:23
    at Array.forEach (<anonymous>)
    at generate (C:\Users\pegas\AppData\Roaming\npm\node_modules\@dbml\cli\lib\cli\utils.js:48:14)
    at exportHandler (C:\Users\pegas\AppData\Roaming\npm\node_modules\@dbml\cli\lib\cli\export.js:38:27)
{"start":{"offset":0,"line":1,"column":1},"end":{"offset":1,"line":1,"column":2}}

2021-12-08T12:21:50.734Z
SyntaxError: You have a syntax error at "design.sql" line 2 column 3. Expected "note", "note:", "}", Table Group, comment, enum, references, table, valid name, or whitespace but "'" found.
    at C:\Users\pegas\AppData\Roaming\npm\node_modules\@dbml\cli\lib\cli\utils.js:55:13
    at Array.forEach (<anonymous>)
    at generate (C:\Users\pegas\AppData\Roaming\npm\node_modules\@dbml\cli\lib\cli\utils.js:48:14)
    at exportHandler (C:\Users\pegas\AppData\Roaming\npm\node_modules\@dbml\cli\lib\cli\export.js:38:27)
    at Object.dbml2sql (C:\Users\pegas\AppData\Roaming\npm\node_modules\@dbml\cli\lib\cli\index.js:27:23)
    at Object.<anonymous> (C:\Users\pegas\AppData\Roaming\npm\node_modules\@dbml\cli\bin\dbml2sql.js:4:19)
    at Module._compile (node:internal/modules/cjs/loader:1101:14)
    at Object.Module._extensions..js (node:internal/modules/cjs/loader:1153:10)
    at Module.load (node:internal/modules/cjs/loader:981:32)
    at Function.Module._load (node:internal/modules/cjs/loader:822:12)

ROOT_ERROR:
SyntaxError: Expected "note", "note:", "}", Table Group, comment, enum, references, table, valid name, or whitespace but "'" found.
    at peg$buildStructuredError (C:\Users\pegas\AppData\Roaming\npm\node_modules\@dbml\cli\node_modules\@dbml\core\lib\parse\dbmlParser.js:1094:12)
    at Object.peg$parse [as parse] (C:\Users\pegas\AppData\Roaming\npm\node_modules\@dbml\cli\node_modules\@dbml\core\lib\parse\dbmlParser.js:7775:11)
    at Function.parseDBMLToJSON (C:\Users\pegas\AppData\Roaming\npm\node_modules\@dbml\cli\node_modules\@dbml\core\lib\parse\Parser.js:54:37)
    at Function.parse (C:\Users\pegas\AppData\Roaming\npm\node_modules\@dbml\cli\node_modules\@dbml\core\lib\parse\Parser.js:81:32)
    at Object._export [as export] (C:\Users\pegas\AppData\Roaming\npm\node_modules\@dbml\cli\node_modules\@dbml\core\lib\export\index.js:15:37)
    at C:\Users\pegas\AppData\Roaming\npm\node_modules\@dbml\cli\lib\cli\export.js:38:69
    at C:\Users\pegas\AppData\Roaming\npm\node_modules\@dbml\cli\lib\cli\utils.js:52:23
    at Array.forEach (<anonymous>)
    at generate (C:\Users\pegas\AppData\Roaming\npm\node_modules\@dbml\cli\lib\cli\utils.js:48:14)
    at exportHandler (C:\Users\pegas\AppData\Roaming\npm\node_modules\@dbml\cli\lib\cli\export.js:38:27)
{"start":{"offset":12,"line":2,"column":3},"end":{"offset":13,"line":2,"column":4}}

2021-12-08T12:24:15.222Z
Error: ENOENT: no such file or directory, open 'C:\Users\pegas\repositories\csc460\proj4_ID\sql\;'
    at Object.openSync (node:fs:585:3)
    at Object.readFileSync (node:fs:453:35)
    at C:\Users\pegas\AppData\Roaming\npm\node_modules\@dbml\cli\lib\cli\utils.js:49:32
    at Array.forEach (<anonymous>)
    at generate (C:\Users\pegas\AppData\Roaming\npm\node_modules\@dbml\cli\lib\cli\utils.js:48:14)
    at exportHandler (C:\Users\pegas\AppData\Roaming\npm\node_modules\@dbml\cli\lib\cli\export.js:38:27)
    at Object.dbml2sql (C:\Users\pegas\AppData\Roaming\npm\node_modules\@dbml\cli\lib\cli\index.js:27:23)
    at Object.<anonymous> (C:\Users\pegas\AppData\Roaming\npm\node_modules\@dbml\cli\bin\dbml2sql.js:4:19)
    at Module._compile (node:internal/modules/cjs/loader:1101:14)
    at Object.Module._extensions..js (node:internal/modules/cjs/loader:1153:10)

